  CryIf.c
  CryIf_Cfg.c
  CryptoDriver.c
  CryptoDriver_Cfg.c
  CryptoWrapper.c
  Csm.c
C:\Users\BahriAsan\Documents\GitHub\SecurityStack\SecurityStack\SecurityStack\CryptoWrapper.c(67,44): warning C4267: 'function': conversion from 'size_t' to 'uint32', possible loss of data
C:\Users\BahriAsan\Documents\GitHub\SecurityStack\SecurityStack\SecurityStack\CryptoWrapper.c(103,9): warning C4090: 'initializing': different 'const' qualifiers
C:\Users\BahriAsan\Documents\GitHub\SecurityStack\SecurityStack\SecurityStack\CryptoWrapper.c(153,22): warning C4267: '=': conversion from 'size_t' to 'uint32', possible loss of data
C:\Users\BahriAsan\Documents\GitHub\SecurityStack\SecurityStack\SecurityStack\CryptoWrapper.c(183,9): warning C4090: 'initializing': different 'const' qualifiers
C:\Users\BahriAsan\Documents\GitHub\SecurityStack\SecurityStack\SecurityStack\CryptoWrapper.c(253,59): warning C4267: 'function': conversion from 'size_t' to 'long', possible loss of data
C:\Users\BahriAsan\Documents\GitHub\SecurityStack\SecurityStack\SecurityStack\CryptoWrapper.c(404,54): warning C4267: 'function': conversion from 'size_t' to 'long', possible loss of data
  Csm_Cfg.c
C:\Users\BahriAsan\Documents\GitHub\SecurityStack\SecurityStack\SecurityStack\Csm_Cfg.c(89,64): warning C4047: 'initializing': 'CsmCallback *' differs in levels of indirection from 'void (__cdecl *)(void)'
C:\Users\BahriAsan\Documents\GitHub\SecurityStack\SecurityStack\SecurityStack\Csm_Cfg.c(90,82): warning C4047: 'initializing': 'CsmCallback *' differs in levels of indirection from 'void (__cdecl *)(void)'
C:\Users\BahriAsan\Documents\GitHub\SecurityStack\SecurityStack\SecurityStack\Csm_Cfg.c(91,78): warning C4047: 'initializing': 'CsmCallback *' differs in levels of indirection from 'void (__cdecl *)(void)'
C:\Users\BahriAsan\Documents\GitHub\SecurityStack\SecurityStack\SecurityStack\Csm_Cfg.c(92,82): warning C4047: 'initializing': 'CsmCallback *' differs in levels of indirection from 'void (__cdecl *)(void)'
C:\Users\BahriAsan\Documents\GitHub\SecurityStack\SecurityStack\SecurityStack\Csm_Cfg.c(93,78): warning C4047: 'initializing': 'CsmCallback *' differs in levels of indirection from 'void (__cdecl *)(void)'
C:\Users\BahriAsan\Documents\GitHub\SecurityStack\SecurityStack\SecurityStack\Csm_Cfg.c(94,82): warning C4047: 'initializing': 'CsmCallback *' differs in levels of indirection from 'void (__cdecl *)(void)'
C:\Users\BahriAsan\Documents\GitHub\SecurityStack\SecurityStack\SecurityStack\Csm_Cfg.c(95,78): warning C4047: 'initializing': 'CsmCallback *' differs in levels of indirection from 'void (__cdecl *)(void)'
C:\Users\BahriAsan\Documents\GitHub\SecurityStack\SecurityStack\SecurityStack\Csm_Cfg.c(96,73): warning C4047: 'initializing': 'CsmCallback *' differs in levels of indirection from 'void (__cdecl *)(void)'
C:\Users\BahriAsan\Documents\GitHub\SecurityStack\SecurityStack\SecurityStack\Csm_Cfg.c(97,68): warning C4047: 'initializing': 'CsmCallback *' differs in levels of indirection from 'void (__cdecl *)(void)'
  Ecuc.c
  Helper_RSA_Keygen.c
C:\Users\BahriAsan\Documents\GitHub\SecurityStack\SecurityStack\SecurityStack\Helper_RSA_Keygen.c(146,12): warning C4477: 'printf' : format string '%d' requires an argument of type 'int', but variadic argument 1 has type 'size_t'
      C:\Users\BahriAsan\Documents\GitHub\SecurityStack\SecurityStack\SecurityStack\Helper_RSA_Keygen.c(146,12):
      consider using '%zd' in the format string
  
C:\Users\BahriAsan\Documents\GitHub\SecurityStack\SecurityStack\SecurityStack\Helper_RSA_Keygen.c(152,12): warning C4477: 'printf' : format string '%d' requires an argument of type 'int', but variadic argument 1 has type 'size_t'
      C:\Users\BahriAsan\Documents\GitHub\SecurityStack\SecurityStack\SecurityStack\Helper_RSA_Keygen.c(152,12):
      consider using '%zd' in the format string
  
  main.c
C:\Users\BahriAsan\Documents\GitHub\SecurityStack\SecurityStack\SecurityStack\main.c(559,3): warning C4133: 'function': incompatible types - from 'size_t *' to 'uint32 *'
C:\Users\BahriAsan\Documents\GitHub\SecurityStack\SecurityStack\SecurityStack\main.c(568,3): warning C4133: 'function': incompatible types - from 'size_t *' to 'uint32 *'
C:\Users\BahriAsan\Documents\GitHub\SecurityStack\SecurityStack\SecurityStack\main.c(577,3): warning C4133: 'function': incompatible types - from 'size_t *' to 'uint32 *'
C:\Users\BahriAsan\Documents\GitHub\SecurityStack\SecurityStack\SecurityStack\main.c(601,3): warning C4267: 'function': conversion from 'size_t' to 'uint32', possible loss of data
C:\Users\BahriAsan\Documents\GitHub\SecurityStack\SecurityStack\SecurityStack\main.c(611,3): warning C4267: 'function': conversion from 'size_t' to 'uint32', possible loss of data
C:\Users\BahriAsan\Documents\GitHub\SecurityStack\SecurityStack\SecurityStack\main.c(621,3): warning C4267: 'function': conversion from 'size_t' to 'uint32', possible loss of data
C:\Users\BahriAsan\Documents\GitHub\SecurityStack\SecurityStack\SecurityStack\main.c(712,18): warning C4018: '<': signed/unsigned mismatch
C:\Users\BahriAsan\Documents\GitHub\SecurityStack\SecurityStack\SecurityStack\main.c(841,33): warning C4047: 'function': 'char *' differs in levels of indirection from 'uint8 (*)[4]'
C:\Users\BahriAsan\Documents\GitHub\SecurityStack\SecurityStack\SecurityStack\main.c(841,33): warning C4024: 'SeedRequest': different types for formal and actual parameter 1
C:\Users\BahriAsan\Documents\GitHub\SecurityStack\SecurityStack\SecurityStack\main.c(851,33): warning C4047: 'function': 'char *' differs in levels of indirection from 'uint8 (*)[4]'
C:\Users\BahriAsan\Documents\GitHub\SecurityStack\SecurityStack\SecurityStack\main.c(851,33): warning C4024: 'SeedRequest': different types for formal and actual parameter 1
C:\Users\BahriAsan\Documents\GitHub\SecurityStack\SecurityStack\SecurityStack\main.c(662,13): warning C4267: 'initializing': conversion from 'size_t' to 'int', possible loss of data
  Nvm.c
  Generating Code...
C:\Users\BahriAsan\Documents\GitHub\SecurityStack\SecurityStack\SecurityStack\Csm.c(154,1): warning C4716: 'Csm_Hash': must return a value
C:\Users\BahriAsan\Documents\GitHub\SecurityStack\SecurityStack\SecurityStack\CryptoWrapper.c(512,1): warning C4716: 'Hash': must return a value
C:\Users\BahriAsan\Documents\GitHub\SecurityStack\SecurityStack\SecurityStack\CryptoWrapper.c(310,1): warning C4715: 'Signature_Generate_Init': not all control paths return a value
C:\Users\BahriAsan\Documents\GitHub\SecurityStack\SecurityStack\SecurityStack\CryptoWrapper.c(458,1): warning C4715: 'Signature_Verify_Init': not all control paths return a value
C:\Users\BahriAsan\Documents\GitHub\SecurityStack\SecurityStack\SecurityStack\CryptoWrapper.c(46,1): warning C4715: 'getCipherNameStr': not all control paths return a value
     Creating library C:\Users\BahriAsan\Documents\GitHub\SecurityStack\SecurityStack\x64\Debug\SecurityStack.lib and object C:\Users\BahriAsan\Documents\GitHub\SecurityStack\SecurityStack\x64\Debug\SecurityStack.exp
  SecurityStack.vcxproj -> C:\Users\BahriAsan\Documents\GitHub\SecurityStack\SecurityStack\x64\Debug\SecurityStack.exe
